[2015/8/22 13:14:47]GetFriendStatus: 用户id:9474在线状态:1
[2015/8/22 13:14:47]GetFriendStatus: 用户id:9475在线状态:1
[2015/8/22 13:14:47]GetFriendStatus: 用户id:9476在线状态:1
[2015/8/22 13:14:47]GetFriendStatus: 用户id:9482在线状态:1
[2015/8/22 13:14:47]GetFriendStatus: 用户id:9485在线状态:1
[2015/8/22 13:14:47]GetFriendStatus: 用户id:9495在线状态:1
[2015/8/22 13:14:47]GetFriendStatus: 用户id:9496在线状态:1
[2015/8/22 13:14:47]GetFriendStatus: 用户id:9497在线状态:1
[2015/8/22 13:14:47]GetFriendStatus: 用户id:9503在线状态:1
[2015/8/22 13:14:47]GetFriendStatus: 用户id:9518在线状态:1
[2015/8/22 13:14:47]GetFriendStatus: 用户id:9545在线状态:1
[2015/8/22 13:14:47]GetFriendStatus: 用户id:9546在线状态:1
[2015/8/22 13:14:47]GetFriendStatus: 用户id:9554在线状态:1
[2015/8/22 13:14:47]GetFriendStatus: 用户id:9559在线状态:1
[2015/8/22 13:14:47]GetFriendStatus: 用户id:9564在线状态:1
[2015/8/22 13:14:47]GetFriendStatus: 用户id:9575在线状态:1
[2015/8/22 13:14:47]GetFriendStatus: 用户id:9588在线状态:1
[2015/8/22 13:14:47]GetFriendStatus: 用户id:9601在线状态:1
[2015/8/22 13:14:47]GetFriendStatus: 用户id:9611在线状态:1
[2015/8/22 13:14:47]GetFriendStatus: 用户id:9613在线状态:1
[2015/8/22 13:14:47]GetFriendStatus: 用户id:9621在线状态:1
[2015/8/22 13:14:47]GetFriendStatus: 用户id:9627在线状态:1
[2015/8/22 13:14:47]GetFriendStatus: 用户id:9632在线状态:1
[2015/8/22 13:14:47]GetFriendStatus: 用户id:9638在线状态:1
[2015/8/22 13:14:47]GetFriendStatus: 用户id:9639在线状态:1
[2015/8/22 13:14:47]GetFriendStatus: 用户id:9640在线状态:1
[2015/8/22 13:14:47]GetFriendStatus: 用户id:9642在线状态:1
[2015/8/22 13:14:47]GetFriendStatus: 用户id:-13014在线状态:1
[2015/8/22 13:14:47]GetFriendStatus: 用户id:-13013在线状态:1
[2015/8/22 13:14:47]GetFriendStatus: 用户id:-13011在线状态:1
[2015/8/22 13:14:47]GetFriendStatus: 用户id:-13007在线状态:1
[2015/8/22 13:14:47]GetFriendStatus: 用户id:-12995在线状态:1
[2015/8/22 13:14:47]GetFriendStatus: 用户id:-12976在线状态:1
[2015/8/22 13:14:47]GetFriendStatus: 用户id:-12964在线状态:1
[2015/8/22 13:14:47]GetFriendStatus: 用户id:-12931在线状态:1
[2015/8/22 13:14:47]GetFriendStatus: 用户id:-11895在线状态:1
[2015/8/22 13:14:47]GetFriendStatus: 用户id:-10040在线状态:1
[2015/8/22 13:14:47]WM_GV_FRIENDSTATUS:  useId: 0type:  0
[2015/8/22 13:14:47]WM_GV_FRIENDSTATUS:  useId: 9474onlineStatus:  上线
[2015/8/22 13:14:47]WM_GV_FRIENDSTATUS:  useId: 9475onlineStatus:  上线
[2015/8/22 13:14:47]WM_GV_FRIENDSTATUS:  useId: 9476onlineStatus:  上线
[2015/8/22 13:14:47]WM_GV_FRIENDSTATUS:  useId: 9482onlineStatus:  上线
[2015/8/22 13:14:47]WM_GV_FRIENDSTATUS:  useId: 9485onlineStatus:  上线
[2015/8/22 13:14:47]WM_GV_FRIENDSTATUS:  useId: 9495onlineStatus:  上线
[2015/8/22 13:14:47]WM_GV_FRIENDSTATUS:  useId: 9496onlineStatus:  上线
[2015/8/22 13:14:47]WM_GV_FRIENDSTATUS:  useId: 9497onlineStatus:  上线
[2015/8/22 13:14:47]WM_GV_FRIENDSTATUS:  useId: 9503onlineStatus:  上线
[2015/8/22 13:14:47]WM_GV_FRIENDSTATUS:  useId: 9518onlineStatus:  上线
[2015/8/22 13:14:47]WM_GV_FRIENDSTATUS:  useId: 9545onlineStatus:  上线
[2015/8/22 13:14:47]WM_GV_FRIENDSTATUS:  useId: 9546onlineStatus:  上线
[2015/8/22 13:14:47]WM_GV_FRIENDSTATUS:  useId: 9554onlineStatus:  上线
[2015/8/22 13:14:47]WM_GV_FRIENDSTATUS:  useId: 9559onlineStatus:  上线
[2015/8/22 13:14:47]WM_GV_FRIENDSTATUS:  useId: 9564onlineStatus:  上线
[2015/8/22 13:14:47]WM_GV_FRIENDSTATUS:  useId: 9575onlineStatus:  上线
[2015/8/22 13:14:47]WM_GV_FRIENDSTATUS:  useId: 9588onlineStatus:  上线
[2015/8/22 13:14:47]WM_GV_FRIENDSTATUS:  useId: 9601onlineStatus:  上线
[2015/8/22 13:14:47]WM_GV_FRIENDSTATUS:  useId: 9611onlineStatus:  上线
[2015/8/22 13:14:47]WM_GV_FRIENDSTATUS:  useId: 9613onlineStatus:  上线
[2015/8/22 13:14:47]WM_GV_FRIENDSTATUS:  useId: 9621onlineStatus:  上线
[2015/8/22 13:14:47]WM_GV_FRIENDSTATUS:  useId: 9627onlineStatus:  上线
[2015/8/22 13:14:47]WM_GV_FRIENDSTATUS:  useId: 9632onlineStatus:  上线
[2015/8/22 13:14:47]WM_GV_FRIENDSTATUS:  useId: 9638onlineStatus:  上线
[2015/8/22 13:14:47]WM_GV_FRIENDSTATUS:  useId: 9639onlineStatus:  上线
[2015/8/22 13:14:47]WM_GV_FRIENDSTATUS:  useId: 9640onlineStatus:  上线
[2015/8/22 13:14:47]WM_GV_FRIENDSTATUS:  useId: 9642onlineStatus:  上线
[2015/8/22 13:14:47]WM_GV_FRIENDSTATUS:  useId: -13014onlineStatus:  上线
[2015/8/22 13:14:47]WM_GV_FRIENDSTATUS:  useId: -13013onlineStatus:  上线
[2015/8/22 13:14:47]WM_GV_FRIENDSTATUS:  useId: -13011onlineStatus:  上线
[2015/8/22 13:14:47]WM_GV_FRIENDSTATUS:  useId: -13007onlineStatus:  上线
[2015/8/22 13:14:47]WM_GV_FRIENDSTATUS:  useId: -12995onlineStatus:  上线
[2015/8/22 13:14:47]WM_GV_FRIENDSTATUS:  useId: -12976onlineStatus:  上线
[2015/8/22 13:14:47]WM_GV_FRIENDSTATUS:  useId: -12964onlineStatus:  上线
[2015/8/22 13:14:47]WM_GV_FRIENDSTATUS:  useId: -12931onlineStatus:  上线
[2015/8/22 13:14:47]WM_GV_FRIENDSTATUS:  useId: -11895onlineStatus:  上线
[2015/8/22 13:14:47]WM_GV_FRIENDSTATUS:  useId: -10040onlineStatus:  上线
[2015/8/22 13:15:34]WM_GV_FRIENDSTATUS:  useId: -13014onlineStatus:  下线
[2015/8/22 13:15:34]GetFriendStatus: 用户id:-13017在线状态:1
[2015/8/22 13:15:34]GetFriendStatus: 用户id:-13016在线状态:1
[2015/8/22 13:15:34]GetFriendStatus: 用户id:-13015在线状态:1
[2015/8/22 13:15:34]GetFriendStatus: 用户id:9474在线状态:1
[2015/8/22 13:15:34]GetFriendStatus: 用户id:9475在线状态:1
[2015/8/22 13:15:34]GetFriendStatus: 用户id:9476在线状态:1
[2015/8/22 13:15:34]GetFriendStatus: 用户id:9482在线状态:1
[2015/8/22 13:15:34]GetFriendStatus: 用户id:9485在线状态:1
[2015/8/22 13:15:34]GetFriendStatus: 用户id:9495在线状态:1
[2015/8/22 13:15:34]GetFriendStatus: 用户id:9496在线状态:1
[2015/8/22 13:15:34]GetFriendStatus: 用户id:9497在线状态:1
[2015/8/22 13:15:34]GetFriendStatus: 用户id:9503在线状态:1
[2015/8/22 13:15:34]GetFriendStatus: 用户id:9518在线状态:1
[2015/8/22 13:15:34]GetFriendStatus: 用户id:9545在线状态:1
[2015/8/22 13:15:34]GetFriendStatus: 用户id:9546在线状态:1
[2015/8/22 13:15:34]GetFriendStatus: 用户id:9554在线状态:1
[2015/8/22 13:15:34]GetFriendStatus: 用户id:9559在线状态:1
[2015/8/22 13:15:34]GetFriendStatus: 用户id:9564在线状态:1
[2015/8/22 13:15:34]GetFriendStatus: 用户id:9575在线状态:1
[2015/8/22 13:15:34]GetFriendStatus: 用户id:9588在线状态:1
[2015/8/22 13:15:34]GetFriendStatus: 用户id:9601在线状态:1
[2015/8/22 13:15:34]GetFriendStatus: 用户id:9611在线状态:1
[2015/8/22 13:15:34]GetFriendStatus: 用户id:9613在线状态:1
[2015/8/22 13:15:34]GetFriendStatus: 用户id:9621在线状态:1
[2015/8/22 13:15:34]GetFriendStatus: 用户id:9627在线状态:1
[2015/8/22 13:15:34]GetFriendStatus: 用户id:9632在线状态:1
[2015/8/22 13:15:34]GetFriendStatus: 用户id:9638在线状态:1
[2015/8/22 13:15:34]GetFriendStatus: 用户id:9639在线状态:1
[2015/8/22 13:15:34]GetFriendStatus: 用户id:9640在线状态:1
[2015/8/22 13:15:34]GetFriendStatus: 用户id:9642在线状态:1
[2015/8/22 13:15:34]GetFriendStatus: 用户id:-13014在线状态:0
[2015/8/22 13:15:34]GetFriendStatus: 用户id:-13013在线状态:0
[2015/8/22 13:15:34]GetFriendStatus: 用户id:-13011在线状态:1
[2015/8/22 13:15:34]GetFriendStatus: 用户id:-13007在线状态:1
[2015/8/22 13:15:34]GetFriendStatus: 用户id:-12995在线状态:1
[2015/8/22 13:15:34]GetFriendStatus: 用户id:-12976在线状态:1
[2015/8/22 13:15:34]GetFriendStatus: 用户id:-12964在线状态:1
[2015/8/22 13:15:34]GetFriendStatus: 用户id:-12931在线状态:1
[2015/8/22 13:15:34]GetFriendStatus: 用户id:-11895在线状态:1
[2015/8/22 13:15:34]GetFriendStatus: 用户id:-10040在线状态:1
[2015/8/22 13:15:34]WM_GV_FRIENDSTATUS:  useId: 0type:  0
[2015/8/22 13:15:34]WM_GV_FRIENDSTATUS:  useId: -13015onlineStatus:  上线
[2015/8/22 13:15:34]WM_GV_FRIENDSTATUS:  useId: -13013onlineStatus:  下线
[2015/8/22 13:15:34]GetFriendStatus: 用户id:-13017在线状态:1
[2015/8/22 13:15:34]GetFriendStatus: 用户id:-13016在线状态:1
[2015/8/22 13:15:34]GetFriendStatus: 用户id:-13015在线状态:1
[2015/8/22 13:15:34]GetFriendStatus: 用户id:9474在线状态:1
[2015/8/22 13:15:34]GetFriendStatus: 用户id:9475在线状态:1
[2015/8/22 13:15:34]GetFriendStatus: 用户id:9476在线状态:1
[2015/8/22 13:15:34]GetFriendStatus: 用户id:9482在线状态:1
[2015/8/22 13:15:34]GetFriendStatus: 用户id:9485在线状态:1
[2015/8/22 13:15:34]GetFriendStatus: 用户id:9495在线状态:1
[2015/8/22 13:15:34]GetFriendStatus: 用户id:9496在线状态:1
[2015/8/22 13:15:34]GetFriendStatus: 用户id:9497在线状态:1
[2015/8/22 13:15:34]GetFriendStatus: 用户id:9503在线状态:1
[2015/8/22 13:15:34]GetFriendStatus: 用户id:9518在线状态:1
[2015/8/22 13:15:34]GetFriendStatus: 用户id:9545在线状态:1
[2015/8/22 13:15:34]GetFriendStatus: 用户id:9546在线状态:1
[2015/8/22 13:15:34]GetFriendStatus: 用户id:9554在线状态:1
[2015/8/22 13:15:34]GetFriendStatus: 用户id:9559在线状态:1
[2015/8/22 13:15:34]GetFriendStatus: 用户id:9564在线状态:1
[2015/8/22 13:15:34]GetFriendStatus: 用户id:9575在线状态:1
[2015/8/22 13:15:34]GetFriendStatus: 用户id:9588在线状态:1
[2015/8/22 13:15:34]GetFriendStatus: 用户id:9601在线状态:1
[2015/8/22 13:15:34]GetFriendStatus: 用户id:9611在线状态:1
[2015/8/22 13:15:34]GetFriendStatus: 用户id:9613在线状态:1
[2015/8/22 13:15:34]GetFriendStatus: 用户id:9621在线状态:1
[2015/8/22 13:15:34]GetFriendStatus: 用户id:9627在线状态:1
[2015/8/22 13:15:34]GetFriendStatus: 用户id:9632在线状态:1
[2015/8/22 13:15:34]GetFriendStatus: 用户id:9638在线状态:1
[2015/8/22 13:15:34]GetFriendStatus: 用户id:9639在线状态:1
[2015/8/22 13:15:34]GetFriendStatus: 用户id:9640在线状态:1
[2015/8/22 13:15:34]GetFriendStatus: 用户id:9642在线状态:1
[2015/8/22 13:15:34]GetFriendStatus: 用户id:-13014在线状态:0
[2015/8/22 13:15:34]GetFriendStatus: 用户id:-13013在线状态:0
[2015/8/22 13:15:34]GetFriendStatus: 用户id:-13011在线状态:1
[2015/8/22 13:15:34]GetFriendStatus: 用户id:-13007在线状态:1
[2015/8/22 13:15:34]GetFriendStatus: 用户id:-12995在线状态:1
[2015/8/22 13:15:34]GetFriendStatus: 用户id:-12976在线状态:1
[2015/8/22 13:15:34]GetFriendStatus: 用户id:-12964在线状态:1
[2015/8/22 13:15:34]GetFriendStatus: 用户id:-12931在线状态:1
[2015/8/22 13:15:34]GetFriendStatus: 用户id:-11895在线状态:1
[2015/8/22 13:15:34]GetFriendStatus: 用户id:-10040在线状态:1
[2015/8/22 13:15:34]WM_GV_FRIENDSTATUS:  useId: 0type:  0
[2015/8/22 13:15:34]WM_GV_FRIENDSTATUS:  useId: -13016onlineStatus:  上线
[2015/8/22 13:15:34]GetFriendStatus: 用户id:-13017在线状态:1
[2015/8/22 13:15:34]GetFriendStatus: 用户id:-13016在线状态:1
[2015/8/22 13:15:34]GetFriendStatus: 用户id:-13015在线状态:1
[2015/8/22 13:15:34]GetFriendStatus: 用户id:9474在线状态:1
[2015/8/22 13:15:34]GetFriendStatus: 用户id:9475在线状态:1
[2015/8/22 13:15:34]GetFriendStatus: 用户id:9476在线状态:1
[2015/8/22 13:15:34]GetFriendStatus: 用户id:9482在线状态:1
[2015/8/22 13:15:34]GetFriendStatus: 用户id:9485在线状态:1
[2015/8/22 13:15:34]GetFriendStatus: 用户id:9495在线状态:1
[2015/8/22 13:15:34]GetFriendStatus: 用户id:9496在线状态:1
[2015/8/22 13:15:34]GetFriendStatus: 用户id:9497在线状态:1
[2015/8/22 13:15:34]GetFriendStatus: 用户id:9503在线状态:1
[2015/8/22 13:15:34]GetFriendStatus: 用户id:9518在线状态:1
[2015/8/22 13:15:34]GetFriendStatus: 用户id:9545在线状态:1
[2015/8/22 13:15:34]GetFriendStatus: 用户id:9546在线状态:1
[2015/8/22 13:15:34]GetFriendStatus: 用户id:9554在线状态:1
[2015/8/22 13:15:34]GetFriendStatus: 用户id:9559在线状态:1
[2015/8/22 13:15:34]GetFriendStatus: 用户id:9564在线状态:1
[2015/8/22 13:15:34]GetFriendStatus: 用户id:9575在线状态:1
[2015/8/22 13:15:34]GetFriendStatus: 用户id:9588在线状态:1
[2015/8/22 13:15:34]GetFriendStatus: 用户id:9601在线状态:1
[2015/8/22 13:15:34]GetFriendStatus: 用户id:9611在线状态:1
[2015/8/22 13:15:34]GetFriendStatus: 用户id:9613在线状态:1
[2015/8/22 13:15:34]GetFriendStatus: 用户id:9621在线状态:1
[2015/8/22 13:15:34]GetFriendStatus: 用户id:9627在线状态:1
[2015/8/22 13:15:34]GetFriendStatus: 用户id:9632在线状态:1
[2015/8/22 13:15:34]GetFriendStatus: 用户id:9638在线状态:1
[2015/8/22 13:15:34]GetFriendStatus: 用户id:9639在线状态:1
[2015/8/22 13:15:34]GetFriendStatus: 用户id:9640在线状态:1
[2015/8/22 13:15:34]GetFriendStatus: 用户id:9642在线状态:1
[2015/8/22 13:15:34]GetFriendStatus: 用户id:-13014在线状态:0
[2015/8/22 13:15:34]GetFriendStatus: 用户id:-13013在线状态:0
[2015/8/22 13:15:34]GetFriendStatus: 用户id:-13011在线状态:1
[2015/8/22 13:15:34]GetFriendStatus: 用户id:-13007在线状态:1
[2015/8/22 13:15:34]GetFriendStatus: 用户id:-12995在线状态:1
[2015/8/22 13:15:34]GetFriendStatus: 用户id:-12976在线状态:1
[2015/8/22 13:15:34]GetFriendStatus: 用户id:-12964在线状态:1
[2015/8/22 13:15:34]GetFriendStatus: 用户id:-12931在线状态:1
[2015/8/22 13:15:34]GetFriendStatus: 用户id:-11895在线状态:1
[2015/8/22 13:15:34]GetFriendStatus: 用户id:-10040在线状态:1
[2015/8/22 13:15:34]WM_GV_FRIENDSTATUS:  useId: 0type:  0
[2015/8/22 13:15:34]WM_GV_FRIENDSTATUS:  useId: -13017onlineStatus:  上线
[2015/8/22 13:15:35]VideoCall_Reply_Handler0
[2015/8/22 13:15:41]VideoCall_Reply_Handler100104
[2015/8/22 13:15:45]WM_GV_FRIENDSTATUS:  useId: -13017onlineStatus:  下线
[2015/8/22 13:15:45]WM_GV_FRIENDSTATUS:  useId: -13016onlineStatus:  下线
