生成启动时间为 2015/9/9 22:09:17。
     1>项目“D:\Project_Management\远程诊疗\视频技术测试\AnyChatCoreSDK_Win32_r4840\src\client\c++\BRAnyChatSDKDemo\BRAnyChatSDKDemo.vcxproj”在节点 2 上(build 个目标)。
     1>InitializeBuildStatus:
         正在创建“.\Debug\BRAnyChatSDKDemo.unsuccessfulbuild”，因为已指定“AlwaysCreate”。
       ClCompile:
         C:\Program Files (x86)\Microsoft Visual Studio 10.0\VC\bin\CL.exe /c /ZI /nologo /W3 /WX- /Od /Oy- /D WIN32 /D _DEBUG /D _WINDOWS /D _CRT_SECURE_NO_WARNINGS /D _VC80_UPGRADE=0x0600 /D _MBCS /D _AFXDLL /Gm /EHsc /RTC1 /MDd /GS /fp:precise /Zc:wchar_t /Zc:forScope /Yc"stdafx.h" /Fp".\Debug/BRAnyChatSDKDemo.pch" /Fo".\Debug/" /Fd".\Debug/vc100.pdb" /Gd /TP /analyze- /errorReport:prompt StdAfx.cpp
         StdAfx.cpp
         _WIN32_WINNT not defined. Defaulting to _WIN32_WINNT_MAXVER (see WinSDKVer.h)
         C:\Program Files (x86)\Microsoft Visual Studio 10.0\VC\bin\CL.exe /c /ZI /nologo /W3 /WX- /Od /Oy- /D WIN32 /D _DEBUG /D _WINDOWS /D _CRT_SECURE_NO_WARNINGS /D _VC80_UPGRADE=0x0600 /D _MBCS /D _AFXDLL /Gm /EHsc /RTC1 /MDd /GS /fp:precise /Zc:wchar_t /Zc:forScope /Yu"stdafx.h" /Fp".\Debug/BRAnyChatSDKDemo.pch" /Fo".\Debug/" /Fd".\Debug/vc100.pdb" /Gd /TP /analyze- /errorReport:prompt BRAnyChatSDKDemo.cpp BRAnyChatSDKDemoDlg.cpp
         BRAnyChatSDKDemoDlg.cpp
         BRAnyChatSDKDemo.cpp
         正在生成代码...
       ResourceCompile:
         C:\Program Files (x86)\Microsoft SDKs\Windows\v7.0A\bin\rc.exe /D _DEBUG /D _VC80_UPGRADE=0x0600 /D _AFXDLL /l"0x0804" /nologo /fo".\Debug\BRAnyChatSDKDemo.res" BRAnyChatSDKDemo.rc 
       ManifestResourceCompile:
         C:\Program Files (x86)\Microsoft SDKs\Windows\v7.0A\bin\rc.exe /nologo /fo".\Debug\BRAnyChatSDKDemo.exe.embed.manifest.res" .\Debug\BRAnyChatSDKDemo_manifest.rc 
       MakeDirsForLink:
         正在创建目录“D:\Project_Management\远程诊疗\视频技术测试\AnyChatCoreSDK_Win32_r4840\src\client\c++\BRAnyChatSDKDemo\..\bin\Debug”。
     1>C:\Program Files (x86)\MSBuild\Microsoft.Cpp\v4.0\Microsoft.CppBuild.targets(990,5): warning MSB8012: TargetPath(D:\Project_Management\远程诊疗\视频技术测试\AnyChatCoreSDK_Win32_r4840\src\client\c++\BRAnyChatSDKDemo\.\Debug\BRAnyChatSDKDemo.exe) 与 Linker 的 OutputFile 属性值(D:\Project_Management\远程诊疗\视频技术测试\AnyChatCoreSDK_Win32_r4840\src\client\c++\bin\Debug\BRAnyChatSDKDemo.exe)不匹配。这可能导致项目生成不正确。若要更正此问题，请确保 $(OutDir)、$(TargetName) 和 $(TargetExt) 属性值与 %(Link.OutputFile) 中指定的值匹配。
       Link:
         C:\Program Files (x86)\Microsoft Visual Studio 10.0\VC\bin\link.exe /ERRORREPORT:PROMPT /OUT:"../bin/Debug/BRAnyChatSDKDemo.exe" /INCREMENTAL /NOLOGO /MANIFEST /ManifestFile:".\Debug\BRAnyChatSDKDemo.exe.intermediate.manifest" /MANIFESTUAC:"level='asInvoker' uiAccess='false'" /DEBUG /PDB:".\Debug/BRAnyChatSDKDemo.pdb" /SUBSYSTEM:WINDOWS /TLBID:1 /DYNAMICBASE:NO /IMPLIB:".\Debug\BRAnyChatSDKDemo.lib" /MACHINE:X86 .\Debug\BRAnyChatSDKDemo.res
         .\Debug\BRAnyChatSDKDemo.exe.embed.manifest.res
         .\Debug/BRAnyChatSDKDemo.obj
         .\Debug/BRAnyChatSDKDemoDlg.obj
         .\Debug/StdAfx.obj
       Manifest:
         C:\Program Files (x86)\Microsoft SDKs\Windows\v7.0A\bin\mt.exe /nologo /verbose /out:".\Debug\BRAnyChatSDKDemo.exe.embed.manifest" /manifest .\Debug\BRAnyChatSDKDemo.exe.intermediate.manifest "C:\Program Files (x86)\Microsoft Visual Studio 10.0\VC\Include\Manifest\dpiaware.manifest"
         C:\Program Files (x86)\Microsoft SDKs\Windows\v7.0A\bin\rc.exe /nologo /fo".\Debug\BRAnyChatSDKDemo.exe.embed.manifest.res" .\Debug\BRAnyChatSDKDemo_manifest.rc 
       LinkEmbedManifest:
         C:\Program Files (x86)\Microsoft Visual Studio 10.0\VC\bin\link.exe /ERRORREPORT:PROMPT /OUT:"../bin/Debug/BRAnyChatSDKDemo.exe" /INCREMENTAL /NOLOGO /MANIFEST /ManifestFile:".\Debug\BRAnyChatSDKDemo.exe.intermediate.manifest" /MANIFESTUAC:"level='asInvoker' uiAccess='false'" /DEBUG /PDB:".\Debug/BRAnyChatSDKDemo.pdb" /SUBSYSTEM:WINDOWS /TLBID:1 /DYNAMICBASE:NO /IMPLIB:".\Debug\BRAnyChatSDKDemo.lib" /MACHINE:X86 .\Debug\BRAnyChatSDKDemo.res
         .\Debug\BRAnyChatSDKDemo.exe.embed.manifest.res
         .\Debug/BRAnyChatSDKDemo.obj
         .\Debug/BRAnyChatSDKDemoDlg.obj
         .\Debug/StdAfx.obj
         BRAnyChatSDKDemo.vcxproj -> D:\Project_Management\远程诊疗\视频技术测试\AnyChatCoreSDK_Win32_r4840\src\client\c++\BRAnyChatSDKDemo\.\Debug\BRAnyChatSDKDemo.exe
       FinalizeBuildStatus:
         正在删除文件“.\Debug\BRAnyChatSDKDemo.unsuccessfulbuild”。
         正在对“.\Debug\BRAnyChatSDKDemo.lastbuildstate”执行 Touch 任务。
     1>已完成生成项目“D:\Project_Management\远程诊疗\视频技术测试\AnyChatCoreSDK_Win32_r4840\src\client\c++\BRAnyChatSDKDemo\BRAnyChatSDKDemo.vcxproj”(build 个目标)的操作。

生成成功。

已用时间 00:00:06.03
