[2015-09-19 13:44:14(039)]	---------------------------AnyChat Platform Core SDK Client Log---------------------------
[2015-09-19 13:44:14(040)]	Load BRAnyChatCore.dll success!(V5.3 Build Time:Aug 10 2015 12:20:22)
[2015-09-19 13:44:14(684)]	Load BRMiscUtil.dll success!(V5.3 Build Time:Aug 10 2015 12:20:50)
[2015-09-19 13:44:15(597)]	Load BRMediaUtil.dll success!(V5.3 Build Time:Aug 10 2015 12:20:02)
[2015-09-19 13:44:15(618)]	Load BRMediaShow.dll success!(V5.3 Build Time:Aug 10 2015 12:20:53)
[2015-09-19 13:44:15(675)]	Load BRMediaCore.dll success!(V5.3 Build Time:Aug 10 2015 12:21:04)
[2015-09-19 13:44:18(598)]	Invoke	Connect(demo.anychat.cn,8906)=0
[2015-09-19 13:44:18(704)]	CheckClientSocketLink	 Connect(ip=121.199.51.198,port=8906)
[2015-09-19 13:44:18(938)]	Server version: V5.3(Build Time:2015-08-24 16:09:53, Server OS:Windows)
[2015-09-19 13:44:19(149)]	Message	OnConnect(bSuccess:1, errorcode=0)
[2015-09-19 13:44:19(150)]	Invoke	LoginServer(username=test)
[2015-09-19 13:44:19(510)]	Message	OnLoginSystem(userid=3475,errorcode=0,username=test), msg deliver worked(1)
[2015-09-19 13:44:19(511)]	Server running time: 25 days, 12 hours, 50 minutes, license mode:1
[2015-09-19 13:44:19(547)]	Success add upnp map(port:63034, tcp)
[2015-09-19 13:44:19(716)]	Connection to streaming media server successfully!(udp delay:101ms)
[2015-09-19 13:44:22(899)]	Invoke	VideoCallControl(EventType:1, UserId:2963, ErrorCode:0, dwFlags:0, dwParam:0, UserStr:test)=0
[2015-09-19 13:44:22(992)]	Message	OnVideoCallEvent(EventType:2, UserId:2963, ErrorCode:0, dwFlags:0x0, dwParam:0
[2015-09-19 13:44:23(232)]	Message	OnVideoCallEvent(EventType:3, UserId:2963, ErrorCode:0, dwFlags:0x0, dwParam:2
[2015-09-19 13:44:23(233)]	Invoke	EnterRoom(roomid=2)
[2015-09-19 13:44:23(582)]	Message	OnEnterRoom(roomid=2,errorcode=0,siteindex=0)
[2015-09-19 13:44:23(582)]	Message	OnReceiveOnlineUser(count=1,roomid=2)
[2015-09-19 13:44:23(583)]	Audio Capture(Driver:3, ) Init Failed:10500, (6.1.7600[1537])
[2015-09-19 13:44:23(584)]	Audio Init, error:10500, device:0, 0, 0, 0, capmode:0
[2015-09-19 13:44:23(584)]	Audio Playback Device Init(10500, 2, 44100, 16), WaveOut Playback Driver
[2015-09-19 13:44:23(624)]	Invoke	UserCameraControl(userid=3475, bOpen=1, stream=0)
[2015-09-19 13:44:23(667)]	Invoke	UserSpeakControl(userid=3475,bOpen=1)
[2015-09-19 13:44:23(669)]	Invoke	SetVideoPos(dwUserId:3475, hWnd:0x20ec4, l:0, t:0, r:471, b:344)
[2015-09-19 13:44:23(678)]	****Open Local Video Fail,ErrorCode:10011
[2015-09-19 13:44:23(731)]	Invoke	UserCameraControl(userid=2963, bOpen=1, stream=0)
[2015-09-19 13:44:23(731)]	Invoke	UserSpeakControl(userid=2963,bOpen=1)
[2015-09-19 13:44:23(732)]	Invoke	SetVideoPos(dwUserId:2963, hWnd:0xa0eae, l:0, t:0, r:473, b:344)
[2015-09-19 13:44:26(199)]	Invoke	VideoCallControl(EventType:4, UserId:2963, ErrorCode:100104, dwFlags:0, dwParam:0, UserStr:)=0
[2015-09-19 13:44:26(247)]	Message	OnVideoCallEvent(EventType:4, UserId:2963, ErrorCode:100104, dwFlags:0x0, dwParam:0
[2015-09-19 13:44:26(249)]	Invoke	UserCameraControl(userid=-1, bOpen=0, stream=0)
[2015-09-19 13:44:26(259)]	Invoke	UserSpeakControl(userid=-1,bOpen=0)
[2015-09-19 13:44:26(260)]	Invoke	UserCameraControl(userid=2963, bOpen=0, stream=0)
[2015-09-19 13:44:26(260)]	Invoke	UserSpeakControl(userid=2963,bOpen=0)
[2015-09-19 13:44:26(271)]	Invoke	LeaveRoom(roomid=-1)	Elapse:15 ms
[2015-09-19 13:44:28(999)]	Invoke	VideoCallControl(EventType:1, UserId:3428, ErrorCode:0, dwFlags:0, dwParam:0, UserStr:test)=0
[2015-09-19 13:44:29(203)]	Message	OnVideoCallEvent(EventType:2, UserId:3428, ErrorCode:0, dwFlags:0x0, dwParam:0
[2015-09-19 13:44:29(443)]	Message	OnVideoCallEvent(EventType:3, UserId:3428, ErrorCode:0, dwFlags:0x0, dwParam:2
[2015-09-19 13:44:29(443)]	Invoke	EnterRoom(roomid=2)
[2015-09-19 13:44:29(783)]	Message	OnEnterRoom(roomid=2,errorcode=0,siteindex=1)
[2015-09-19 13:44:29(783)]	Message	OnReceiveOnlineUser(count=2,roomid=2)
[2015-09-19 13:44:29(784)]	Audio Capture(Driver:3, ) Init Failed:10500, (6.1.7600[1537])
[2015-09-19 13:44:29(785)]	Audio Init, error:10500, device:0, 0, 0, 0, capmode:0
[2015-09-19 13:44:29(786)]	Audio Playback Device Init(10500, 2, 44100, 16), WaveOut Playback Driver
[2015-09-19 13:44:29(786)]	Invoke	UserCameraControl(userid=3475, bOpen=1, stream=0)
[2015-09-19 13:44:29(805)]	Invoke	UserSpeakControl(userid=3475,bOpen=1)
[2015-09-19 13:44:29(806)]	Invoke	SetVideoPos(dwUserId:3475, hWnd:0x20ec4, l:0, t:0, r:471, b:344)
[2015-09-19 13:44:29(815)]	****Open Local Video Fail,ErrorCode:10011
[2015-09-19 13:44:29(839)]	Invoke	UserCameraControl(userid=3428, bOpen=1, stream=0)
[2015-09-19 13:44:29(839)]	Invoke	UserSpeakControl(userid=3428,bOpen=1)
[2015-09-19 13:44:29(840)]	Invoke	SetVideoPos(dwUserId:3428, hWnd:0xa0eae, l:0, t:0, r:473, b:344)
[2015-09-19 13:44:31(200)]	Invoke	VideoCallControl(EventType:4, UserId:3428, ErrorCode:100104, dwFlags:0, dwParam:0, UserStr:)=0
[2015-09-19 13:44:31(254)]	Message	OnVideoCallEvent(EventType:4, UserId:3428, ErrorCode:100104, dwFlags:0x0, dwParam:0
[2015-09-19 13:44:31(256)]	Invoke	UserCameraControl(userid=-1, bOpen=0, stream=0)
[2015-09-19 13:44:31(265)]	Invoke	UserSpeakControl(userid=-1,bOpen=0)
[2015-09-19 13:44:31(266)]	Invoke	UserCameraControl(userid=3428, bOpen=0, stream=0)
[2015-09-19 13:44:31(267)]	Invoke	UserSpeakControl(userid=3428,bOpen=0)
[2015-09-19 13:44:31(277)]	Invoke	LeaveRoom(roomid=-1)	Elapse:16 ms
[2015-09-19 13:44:34(098)]	Invoke	VideoCallControl(EventType:1, UserId:3427, ErrorCode:0, dwFlags:0, dwParam:0, UserStr:test)=0
[2015-09-19 13:44:34(261)]	Message	OnVideoCallEvent(EventType:2, UserId:3427, ErrorCode:0, dwFlags:0x0, dwParam:0
[2015-09-19 13:44:34(502)]	Message	OnVideoCallEvent(EventType:3, UserId:3427, ErrorCode:0, dwFlags:0x0, dwParam:2
[2015-09-19 13:44:34(502)]	Invoke	EnterRoom(roomid=2)
[2015-09-19 13:44:34(842)]	Message	OnEnterRoom(roomid=2,errorcode=0,siteindex=2)
[2015-09-19 13:44:34(842)]	Message	OnReceiveOnlineUser(count=3,roomid=2)
[2015-09-19 13:44:34(843)]	Audio Capture(Driver:3, ) Init Failed:10500, (6.1.7600[1537])
[2015-09-19 13:44:34(844)]	Audio Init, error:10500, device:0, 0, 0, 0, capmode:0
[2015-09-19 13:44:34(844)]	Audio Playback Device Init(10500, 2, 44100, 16), WaveOut Playback Driver
[2015-09-19 13:44:34(845)]	Invoke	UserCameraControl(userid=3475, bOpen=1, stream=0)
[2015-09-19 13:44:34(863)]	Invoke	UserSpeakControl(userid=3475,bOpen=1)
[2015-09-19 13:44:34(863)]	Invoke	SetVideoPos(dwUserId:3475, hWnd:0x20ec4, l:0, t:0, r:471, b:344)
[2015-09-19 13:44:34(872)]	****Open Local Video Fail,ErrorCode:10011
[2015-09-19 13:44:34(896)]	Invoke	UserCameraControl(userid=3427, bOpen=1, stream=0)
[2015-09-19 13:44:34(896)]	Invoke	UserSpeakControl(userid=3427,bOpen=1)
[2015-09-19 13:44:34(897)]	Invoke	SetVideoPos(dwUserId:3427, hWnd:0xa0eae, l:0, t:0, r:473, b:344)
[2015-09-19 13:44:37(592)]	Invoke	VideoCallControl(EventType:4, UserId:3427, ErrorCode:100104, dwFlags:0, dwParam:0, UserStr:)=0
[2015-09-19 13:44:37(883)]	Message	OnVideoCallEvent(EventType:4, UserId:3427, ErrorCode:100104, dwFlags:0x0, dwParam:0
[2015-09-19 13:44:37(885)]	Invoke	UserCameraControl(userid=-1, bOpen=0, stream=0)
[2015-09-19 13:44:37(894)]	Invoke	UserSpeakControl(userid=-1,bOpen=0)
[2015-09-19 13:44:37(895)]	Invoke	UserCameraControl(userid=3427, bOpen=0, stream=0)
[2015-09-19 13:44:37(895)]	Invoke	UserSpeakControl(userid=3427,bOpen=0)
[2015-09-19 13:44:37(906)]	Invoke	LeaveRoom(roomid=-1)	Elapse:16 ms
[2015-09-19 13:44:42(024)]	Invoke	VideoCallControl(EventType:1, UserId:3437, ErrorCode:0, dwFlags:0, dwParam:0, UserStr:test)=0
[2015-09-19 13:44:42(093)]	Message	OnVideoCallEvent(EventType:2, UserId:3437, ErrorCode:0, dwFlags:0x0, dwParam:0
[2015-09-19 13:44:42(334)]	Message	OnVideoCallEvent(EventType:3, UserId:3437, ErrorCode:0, dwFlags:0x0, dwParam:2
[2015-09-19 13:44:42(334)]	Invoke	EnterRoom(roomid=2)
[2015-09-19 13:44:42(624)]	Invoke	VideoCallControl(EventType:2, UserId:3437, ErrorCode:100101, dwFlags:0, dwParam:0, UserStr:)=0
[2015-09-19 13:44:42(674)]	Message	OnEnterRoom(roomid=2,errorcode=0,siteindex=3)
[2015-09-19 13:44:42(674)]	Message	OnReceiveOnlineUser(count=4,roomid=2)
[2015-09-19 13:44:42(677)]	Invoke	UserCameraControl(userid=0, bOpen=1, stream=0)
[2015-09-19 13:44:42(678)]	Invoke	UserSpeakControl(userid=0,bOpen=1)
[2015-09-19 13:44:42(678)]	Invoke	SetVideoPos(dwUserId:0, hWnd:0xa0eae, l:0, t:0, r:473, b:344)
[2015-09-19 13:44:42(675)]	Audio Capture(Driver:3, ) Init Failed:10500, (6.1.7600[1537])
[2015-09-19 13:44:42(680)]	Audio Init, error:10500, device:0, 0, 0, 0, capmode:0
[2015-09-19 13:44:42(680)]	Audio Playback Device Init(10500, 2, 44100, 16), WaveOut Playback Driver
[2015-09-19 13:44:42(915)]	Message	OnVideoCallEvent(EventType:4, UserId:3437, ErrorCode:100101, dwFlags:0x0, dwParam:0
[2015-09-19 13:44:42(917)]	Invoke	UserCameraControl(userid=-1, bOpen=0, stream=0)
[2015-09-19 13:44:42(929)]	Invoke	UserSpeakControl(userid=-1,bOpen=0)
[2015-09-19 13:44:42(929)]	Invoke	UserCameraControl(userid=0, bOpen=0, stream=0)
[2015-09-19 13:44:42(930)]	Invoke	UserSpeakControl(userid=0,bOpen=0)
[2015-09-19 13:44:42(944)]	Invoke	LeaveRoom(roomid=-1)	Elapse:16 ms
[2015-09-19 13:44:47(717)]	Invoke	LogoutServer(userid=3475)	Elapse:15 ms
[2015-09-19 13:44:47(747)]	Invoke	BRAC_Release	Elapse:32 ms
