[2015-09-09 21:49:32(518)]	---------------------Init Service--------------------------
[2015-09-09 21:49:32(521)]	Current File Version[5, 3, 0, 0],Build time:2015-08-10 12:21:30
[2015-09-09 21:49:32(538)]	Load brservernetlayer.dll success!(V5.3, Build time:Aug 10 2015 12:20:58)
[2015-09-09 21:49:32(539)]	Start TCP Server Successed(port=8906)!
[2015-09-09 21:49:32(548)]	Start UDP Server Successed(port=8907)!
[2015-09-09 21:49:32(554)]	AnyChat IPC Filter Plus Init, Build Time:Aug 10 2015 12:21:02
[2015-09-09 21:49:32(555)]	Load SDK Filter Plus:IPCFilterPlus.dll Success, ver:SDK Filter Plus (IPC), for Windows V5.3
[2015-09-09 21:49:32(561)]	Start Server At Demo Mode!
[2015-09-09 21:49:38(530)]	Successful communicate with the business server!
[2015-09-09 21:50:39(523)]	Successful communicate with the record server!(127.0.0.1:65498, id:-1)
[2015-09-09 22:36:03(397)]	Fails to communicate with the business server!
[2015-09-16 05:48:26(492)]	---------------------Init Service--------------------------
[2015-09-16 05:48:26(496)]	Current File Version[5, 3, 0, 0],Build time:2015-08-10 12:21:30
[2015-09-16 05:48:26(513)]	Load brservernetlayer.dll success!(V5.3, Build time:Aug 10 2015 12:20:58)
[2015-09-16 05:48:26(514)]	Start TCP Server Successed(port=8906)!
[2015-09-16 05:48:26(521)]	Start UDP Server Successed(port=8907)!
[2015-09-16 05:48:26(526)]	AnyChat IPC Filter Plus Init, Build Time:Aug 10 2015 12:21:02
[2015-09-16 05:48:26(527)]	Load SDK Filter Plus:IPCFilterPlus.dll Success, ver:SDK Filter Plus (IPC), for Windows V5.3
[2015-09-16 05:48:26(532)]	Start Server At Demo Mode!
[2015-09-16 05:48:30(829)]	Successful communicate with the business server!
[2015-09-16 06:06:41(415)]	---------------------Init Service--------------------------
[2015-09-16 06:06:41(418)]	Current File Version[5, 3, 0, 0],Build time:2015-08-10 12:21:30
[2015-09-16 06:06:41(436)]	Load brservernetlayer.dll success!(V5.3, Build time:Aug 10 2015 12:20:58)
[2015-09-16 06:06:41(436)]	Start TCP Server Successed(port=8906)!
[2015-09-16 06:06:41(446)]	Start UDP Server Successed(port=8907)!
[2015-09-16 06:06:41(452)]	AnyChat IPC Filter Plus Init, Build Time:Aug 10 2015 12:21:02
[2015-09-16 06:06:41(453)]	Load SDK Filter Plus:IPCFilterPlus.dll Success, ver:SDK Filter Plus (IPC), for Windows V5.3
[2015-09-16 06:06:41(457)]	Start Server At Demo Mode!
[2015-09-16 06:06:51(797)]	Successful communicate with the business server!
[2015-09-16 07:23:49(328)]	Fails to communicate with the business server!
[2015-09-16 09:31:54(799)]	---------------------Init Service--------------------------
[2015-09-16 09:31:54(801)]	Current File Version[5, 3, 0, 0],Build time:2015-08-10 12:21:30
[2015-09-16 09:31:54(817)]	Load brservernetlayer.dll success!(V5.3, Build time:Aug 10 2015 12:20:58)
[2015-09-16 09:31:54(818)]	Start TCP Server Successed(port=8906)!
[2015-09-16 09:31:54(826)]	Start UDP Server Successed(port=8907)!
[2015-09-16 09:31:54(831)]	AnyChat IPC Filter Plus Init, Build Time:Aug 10 2015 12:21:02
[2015-09-16 09:31:54(832)]	Load SDK Filter Plus:IPCFilterPlus.dll Success, ver:SDK Filter Plus (IPC), for Windows V5.3
[2015-09-16 09:31:54(837)]	Start Server At Demo Mode!
[2015-09-16 09:31:59(478)]	Successful communicate with the business server!
[2015-09-16 22:50:21(640)]	---------------------Init Service--------------------------
[2015-09-16 22:50:21(642)]	Current File Version[5, 3, 0, 0],Build time:2015-08-10 12:21:30
[2015-09-16 22:50:21(660)]	Load brservernetlayer.dll success!(V5.3, Build time:Aug 10 2015 12:20:58)
[2015-09-16 22:50:21(660)]	Start TCP Server Successed(port=8906)!
[2015-09-16 22:50:21(669)]	Start UDP Server Successed(port=8907)!
[2015-09-16 22:50:21(675)]	AnyChat IPC Filter Plus Init, Build Time:Aug 10 2015 12:21:02
[2015-09-16 22:50:21(675)]	Load SDK Filter Plus:IPCFilterPlus.dll Success, ver:SDK Filter Plus (IPC), for Windows V5.3
[2015-09-16 22:50:21(680)]	Start Server At Demo Mode!
[2015-09-16 22:50:31(028)]	Successful communicate with the business server!
[2015-09-16 23:49:22(580)]	Successful communicate with the record server!(127.0.0.1:54882, id:-1)
[2015-09-17 00:14:18(466)]	Fails to communicate with the business server!
